0 info it worked if it ends with ok
1 verbose cli [ 'C:\\Program Files\\nodejs\\node.exe',
1 verbose cli   'C:\\Program Files\\nodejs\\node_modules\\npm\\bin\\npm-cli.js',
1 verbose cli   'start' ]
2 info using npm@3.10.10
3 info using node@v6.11.2
4 verbose run-script [ 'prestart', 'start', 'poststart' ]
5 info lifecycle express-guestbook@~prestart: express-guestbook@
6 silly lifecycle express-guestbook@~prestart: no script for prestart, continuing
7 info lifecycle express-guestbook@~start: express-guestbook@
8 verbose lifecycle express-guestbook@~start: unsafe-perm in lifecycle true
9 verbose lifecycle express-guestbook@~start: PATH: C:\Program Files\nodejs\node_modules\npm\bin\node-gyp-bin;C:\Users\lguerra\Desktop\Node\guestbook\node_modules\.bin;C:\Users\lguerra\bin;C:\Program Files\Git\mingw64\bin;C:\Program Files\Git\usr\local\bin;C:\Program Files\Git\usr\bin;C:\Program Files\Git\usr\bin;C:\Program Files\Git\mingw64\bin;C:\Program Files\Git\usr\bin;C:\Users\lguerra\bin;C:\Program Files (x86)\Common Files\Oracle\Java\javapath;C:\Program Files (x86)\NVIDIA Corporation\PhysX\Common;C:\ProgramData\Oracle\Java\javapath;C:\WINDOWS\system32;C:\WINDOWS;C:\WINDOWS\System32\Wbem;C:\WINDOWS\System32\WindowsPowerShell\v1.0;C:\Program Files\PuTTY;C:\Program Files (x86)\AMD\ATI.ACE\Core-Static;C:\Program Files (x86)\ATI Technologies\ATI.ACE\Core-Static;C:\Program Files\Git\cmd;C:\Program Files\nodejs;C:\Program Files\Android\Android Studio\jre\jre;C:\Program Files\Java\jdk1.8.0_131\bin;C:\WINDOWS\System32\OpenSSH;C:\ProgramData\chocolatey\bin;C:\Program Files\Microsoft VS Code\bin;C:\Program Files (x86)\Brackets\command;C:\Users\lguerra\AppData\Local\Programs\Python\Python37-32\Scripts;C:\Users\lguerra\AppData\Local\Programs\Python\Python37-32;C:\Users\lguerra\AppData\Roaming\npm;C:\Users\lguerra\AppData\Local\Microsoft\WindowsApps;C:\Users\lguerra\AppData\Local\atom\bin;C:\Program Files\Microsoft VS Code\bin;C:\Program Files\Git\usr\bin\vendor_perl;C:\Program Files\Git\usr\bin\core_perl
10 verbose lifecycle express-guestbook@~start: CWD: C:\Users\lguerra\Desktop\Node\guestbook
11 silly lifecycle express-guestbook@~start: Args: [ '/d /s /c', 'node app' ]
12 silly lifecycle express-guestbook@~start: Returned: code: 1  signal: null
13 info lifecycle express-guestbook@~start: Failed to exec start script
14 verbose stack Error: express-guestbook@ start: `node app`
14 verbose stack Exit status 1
14 verbose stack     at EventEmitter.<anonymous> (C:\Program Files\nodejs\node_modules\npm\lib\utils\lifecycle.js:255:16)
14 verbose stack     at emitTwo (events.js:106:13)
14 verbose stack     at EventEmitter.emit (events.js:191:7)
14 verbose stack     at ChildProcess.<anonymous> (C:\Program Files\nodejs\node_modules\npm\lib\utils\spawn.js:40:14)
14 verbose stack     at emitTwo (events.js:106:13)
14 verbose stack     at ChildProcess.emit (events.js:191:7)
14 verbose stack     at maybeClose (internal/child_process.js:891:16)
14 verbose stack     at Process.ChildProcess._handle.onexit (internal/child_process.js:226:5)
15 verbose pkgid express-guestbook@
16 verbose cwd C:\Users\lguerra\Desktop\Node\guestbook
17 error Windows_NT 10.0.17134
18 error argv "C:\\Program Files\\nodejs\\node.exe" "C:\\Program Files\\nodejs\\node_modules\\npm\\bin\\npm-cli.js" "start"
19 error node v6.11.2
20 error npm  v3.10.10
21 error code ELIFECYCLE
22 error express-guestbook@ start: `node app`
22 error Exit status 1
23 error Failed at the express-guestbook@ start script 'node app'.
23 error Make sure you have the latest version of node.js and npm installed.
23 error If you do, this is most likely a problem with the express-guestbook package,
23 error not with npm itself.
23 error Tell the author that this fails on your system:
23 error     node app
23 error You can get information on how to open an issue for this project with:
23 error     npm bugs express-guestbook
23 error Or if that isn't available, you can get their info via:
23 error     npm owner ls express-guestbook
23 error There is likely additional logging output above.
24 verbose exit [ 1, true ]
